<?xml version="1.0" encoding="UTF-8"?>
<!-- Generated by org.testng.reporters.JUnitXMLReporter -->
<testsuite ignored="6" hostname="DESKTOP-7687H4A" failures="0" tests="4" name="Test" time="131.677" errors="0" timestamp="2025-02-15T17:48:24 IST">
  <testcase classname="testscripts.regression.ValidateTC105UsingPOM" name="Validatesearchpage" time="5.353"/>
  <testcase classname="testscripts.regression.ValidateTC107UsingPOM2" name="Validatesearchpage" time="11.728"/>
  <testcase classname="testscripts.regression.ValidateTC116UsingPOM" name="Validatesearchpage" time="7.263"/>
  <testcase classname="testscripts.regression.ValidateTC118UsingPOM" name="Validatesearchpage" time="32.952"/>
  <testcase classname="base.BaseTest" name="@AfterTest flushreports" time="0.0">
    <ignored/>
  </testcase> <!-- @AfterTest flushreports -->
  <testcase classname="base.BaseTest" name="@AfterTest flushreports" time="0.0">
    <ignored/>
  </testcase> <!-- @AfterTest flushreports -->
  <testcase classname="base.BaseTest" name="@BeforeTest filereadset" time="0.0">
    <ignored/>
  </testcase> <!-- @BeforeTest filereadset -->
  <testcase classname="base.BaseTest" name="@BeforeTest filereadset" time="0.0">
    <ignored/>
  </testcase> <!-- @BeforeTest filereadset -->
  <testcase classname="base.BaseTest" name="@BeforeTest filereadset" time="0.0">
    <ignored/>
  </testcase> <!-- @BeforeTest filereadset -->
  <testcase classname="base.BaseTest" name="@AfterTest flushreports" time="0.0">
    <ignored/>
  </testcase> <!-- @AfterTest flushreports -->
</testsuite> <!-- Test -->
