<?xml version="1.0" encoding="UTF-8"?>
<!-- Generated by org.testng.reporters.JUnitXMLReporter -->
<testsuite ignored="2" hostname="DESKTOP-7687H4A" failures="0" tests="2" name="Test" time="27.608" errors="0" timestamp="2025-02-14T22:29:23 IST">
  <testcase classname="testscripts.regression.ValidateTC105UsingPOM" name="Validatesearchpage" time="3.286"/>
  <testcase classname="testscripts.regression.ValidateTC107UsingPOM2" name="Validatesearchpage" time="3.027"/>
  <testcase classname="base.BaseTest" name="@AfterTest flushreports" time="0.0">
    <ignored/>
  </testcase> <!-- @AfterTest flushreports -->
  <testcase classname="base.BaseTest" name="@BeforeTest filereadset" time="0.0">
    <ignored/>
  </testcase> <!-- @BeforeTest filereadset -->
</testsuite> <!-- Test -->
