<?xml version="1.0" encoding="UTF-8"?>
<!-- Generated by org.testng.reporters.JUnitXMLReporter -->
<testsuite ignored="4" hostname="DESKTOP-7687H4A" failures="0" tests="3" name="Test" time="44.749" errors="0" timestamp="2025-02-15T00:57:21 IST">
  <testcase classname="testscripts.regression.ValidateTC105UsingPOM" name="Validatesearchpage" time="3.141"/>
  <testcase classname="testscripts.regression.ValidateTC107UsingPOM2" name="Validatesearchpage" time="3.015"/>
  <testcase classname="testscripts.regression.ValidateTC116UsingPOM" name="Validatesearchpage" time="3.89"/>
  <testcase classname="base.BaseTest" name="@BeforeTest filereadset" time="0.0">
    <ignored/>
  </testcase> <!-- @BeforeTest filereadset -->
  <testcase classname="base.BaseTest" name="@AfterTest flushreports" time="0.0">
    <ignored/>
  </testcase> <!-- @AfterTest flushreports -->
  <testcase classname="base.BaseTest" name="@AfterTest flushreports" time="0.0">
    <ignored/>
  </testcase> <!-- @AfterTest flushreports -->
  <testcase classname="base.BaseTest" name="@BeforeTest filereadset" time="0.0">
    <ignored/>
  </testcase> <!-- @BeforeTest filereadset -->
</testsuite> <!-- Test -->
