<?xml version="1.0" encoding="UTF-8"?>
<testng-results ignored="0" total="3" passed="3" failed="0" skipped="0">
  <reporter-output>
  </reporter-output>
  <suite started-at="2025-02-15T00:56:37 IST" name="Suite" finished-at="2025-02-15T00:57:21 IST" duration-ms="44749">
    <groups>
    </groups>
    <test started-at="2025-02-15T00:56:37 IST" name="Test" finished-at="2025-02-15T00:57:21 IST" duration-ms="44749">
      <class name="testscripts.regression.ValidateTC105UsingPOM">
        <test-method is-config="true" signature="filereadset()[pri:0, instance:testscripts.regression.ValidateTC105UsingPOM@7526515b]" started-at="2025-02-15T00:56:37 IST" name="filereadset" finished-at="2025-02-15T00:56:37 IST" duration-ms="225" status="PASS">
          <reporter-output>
          </reporter-output>
        </test-method> <!-- filereadset -->
        <test-method is-config="true" signature="setup(java.lang.reflect.Method)[pri:0, instance:testscripts.regression.ValidateTC105UsingPOM@7526515b]" started-at="2025-02-15T00:56:38 IST" name="setup" finished-at="2025-02-15T00:56:46 IST" duration-ms="7879" status="PASS">
          <params>
            <param index="0">
              <value>
                <![CDATA[public void testscripts.regression.ValidateTC105UsingPOM.Validatesearchpage(java.util.HashMap)]]>
              </value>
            </param>
          </params>
          <reporter-output>
          </reporter-output>
        </test-method> <!-- setup -->
        <test-method signature="Validatesearchpage(java.util.HashMap)[pri:0, instance:testscripts.regression.ValidateTC105UsingPOM@7526515b]" started-at="2025-02-15T00:56:46 IST" name="Validatesearchpage" data-provider="datafromexcel" finished-at="2025-02-15T00:56:49 IST" duration-ms="3141" status="PASS">
          <params>
            <param index="0">
              <value>
                <![CDATA[{Adults per Room=1 - One, Hotel select title=Adactin.com - Select Hotel, No of rooms=1 - One, Check out Date=18/02/2025, Checkouterror=Check-Out Date shall be after than Check-In Date, Hotel search title=Adactin.com - Search Hotel, Check In Date=13/02/2025, expected Title=Adactin.com - Search Hotel, Children per Room  =0 - None, password=reyaz123, Room Type=Standard, hotel=Hotel Creek, location=Sydney, username=reyaz0806}]]>
              </value>
            </param>
          </params>
          <reporter-output>
          </reporter-output>
        </test-method> <!-- Validatesearchpage -->
        <test-method is-config="true" signature="teardown()[pri:0, instance:testscripts.regression.ValidateTC105UsingPOM@7526515b]" started-at="2025-02-15T00:56:49 IST" name="teardown" finished-at="2025-02-15T00:56:52 IST" duration-ms="3173" status="PASS">
          <reporter-output>
          </reporter-output>
        </test-method> <!-- teardown -->
        <test-method is-config="true" signature="flushreports()[pri:0, instance:testscripts.regression.ValidateTC105UsingPOM@7526515b]" started-at="2025-02-15T00:57:21 IST" name="flushreports" finished-at="2025-02-15T00:57:21 IST" duration-ms="303" status="PASS">
          <reporter-output>
          </reporter-output>
        </test-method> <!-- flushreports -->
      </class> <!-- testscripts.regression.ValidateTC105UsingPOM -->
      <class name="testscripts.regression.ValidateTC107UsingPOM2">
        <test-method is-config="true" signature="setup(java.lang.reflect.Method)[pri:0, instance:testscripts.regression.ValidateTC107UsingPOM2@6892b3b6]" started-at="2025-02-15T00:56:52 IST" name="setup" finished-at="2025-02-15T00:56:57 IST" duration-ms="4519" status="PASS">
          <params>
            <param index="0">
              <value>
                <![CDATA[public void testscripts.regression.ValidateTC107UsingPOM2.Validatesearchpage(java.util.HashMap)]]>
              </value>
            </param>
          </params>
          <reporter-output>
          </reporter-output>
        </test-method> <!-- setup -->
        <test-method signature="Validatesearchpage(java.util.HashMap)[pri:0, instance:testscripts.regression.ValidateTC107UsingPOM2@6892b3b6]" started-at="2025-02-15T00:56:57 IST" name="Validatesearchpage" data-provider="datafromexcel" finished-at="2025-02-15T00:57:00 IST" duration-ms="3015" status="PASS">
          <params>
            <param index="0">
              <value>
                <![CDATA[{Adults per Room=1 - One, Hotel select title=Adactin.com - Select Hotel, No of rooms=1 - One, Check out Date=18/02/2025, Checkouterror=Check-Out Date shall be after than Check-In Date, Hotel search title=Adactin.com - Search Hotel, Check In Date=13/02/2025, expected Title=Adactin.com - Search Hotel, Children per Room  =0 - None, password=reyaz123, Room Type=Standard, hotel=Hotel Creek, location=Sydney, username=reyaz0806}]]>
              </value>
            </param>
          </params>
          <reporter-output>
          </reporter-output>
        </test-method> <!-- Validatesearchpage -->
        <test-method is-config="true" signature="teardown()[pri:0, instance:testscripts.regression.ValidateTC107UsingPOM2@6892b3b6]" started-at="2025-02-15T00:57:00 IST" name="teardown" finished-at="2025-02-15T00:57:03 IST" duration-ms="3119" status="PASS">
          <reporter-output>
          </reporter-output>
        </test-method> <!-- teardown -->
      </class> <!-- testscripts.regression.ValidateTC107UsingPOM2 -->
      <class name="testscripts.regression.ValidateTC116UsingPOM">
        <test-method is-config="true" signature="setup(java.lang.reflect.Method)[pri:0, instance:testscripts.regression.ValidateTC116UsingPOM@6e6f2380]" started-at="2025-02-15T00:57:03 IST" name="setup" finished-at="2025-02-15T00:57:14 IST" duration-ms="10574" status="PASS">
          <params>
            <param index="0">
              <value>
                <![CDATA[public void testscripts.regression.ValidateTC116UsingPOM.Validatesearchpage(java.util.HashMap)]]>
              </value>
            </param>
          </params>
          <reporter-output>
          </reporter-output>
        </test-method> <!-- setup -->
        <test-method signature="Validatesearchpage(java.util.HashMap)[pri:0, instance:testscripts.regression.ValidateTC116UsingPOM@6e6f2380]" started-at="2025-02-15T00:57:14 IST" name="Validatesearchpage" data-provider="datafromexcel" finished-at="2025-02-15T00:57:18 IST" duration-ms="3890" status="PASS">
          <params>
            <param index="0">
              <value>
                <![CDATA[{Address=Hyderabad, No of rooms=1 - One, Hotel search title=Adactin.com - Search Hotel, Check In Date=19/01/2025, First Name=Test, password=reyaz123, Room Type=Standard, Select page title=Adactin.com - Select Hotel, hotel=Hotel Creek, Expiry month=March, Adults per Room=1 - One, Check out Date=20/01/2025, Credit num=1234567812345678, Children per Room  =0 - None, message=Cancel Selected, Expiry year=2026, Card type=Master Card, Booking page title=Adactin.com - Book A Hotel, location=Sydney, LastName=Data, Login page title=Adactin.com - Hotel Reservation System, CVV number=000, Logout page title=Adactin.com - Logout, username=reyaz0806}]]>
              </value>
            </param>
          </params>
          <reporter-output>
          </reporter-output>
        </test-method> <!-- Validatesearchpage -->
        <test-method is-config="true" signature="teardown()[pri:0, instance:testscripts.regression.ValidateTC116UsingPOM@6e6f2380]" started-at="2025-02-15T00:57:18 IST" name="teardown" finished-at="2025-02-15T00:57:21 IST" duration-ms="3133" status="PASS">
          <reporter-output>
          </reporter-output>
        </test-method> <!-- teardown -->
      </class> <!-- testscripts.regression.ValidateTC116UsingPOM -->
    </test> <!-- Test -->
  </suite> <!-- Suite -->
</testng-results>
