<?xml version="1.0" encoding="UTF-8"?>
<testsuite xmlns:xsi="http://www.w3.org/2001/XMLSchema-instance" xsi:noNamespaceSchemaLocation="https://maven.apache.org/surefire/maven-surefire-plugin/xsd/surefire-test-report.xsd" version="3.0.2" name="TestSuite" time="28.347" tests="1" errors="0" skipped="0" failures="0">
  <properties>
[...]
</properties>
  <testcase name="validatelogin[{Address=Hyderabad, No of rooms=1 - One, Hotel search title=Adactin.com - Search Hotel, Check In Date=19/01/2025, First Name=Test, password=reyaz123, Room Type=Standard, Select page title=Adactin.com - Select Hotel, hotel=Hotel Creek, Expiry month=March, Adults per Room=1 - One, Check out Date=20/01/2025, Credit num=1234567812345678, Children per Room  =0 - None, message=Cancel Selected, Expiry year=2026, Card type=Master Card, Booking page title=Adactin.com - Book A Hotel, location=Sydney, LastName=Data, Login page title=Adactin.com - Hotel Reservation System, CVV number=000, Logout page title=Adactin.com - Logout, username=reyaz0806}](1)" classname="testscripts.regression.ValidateLoginUsingPOM" time="2.696">
    <system-out><![CDATA[Test started
2025-02-10 23-13-41
2025-02-10T17:43:41.593530300Z main ERROR Log4j2 could not find a logging implementation. Please add log4j-core to the classpath. Using SimpleLogger to log to the console...
2025-02-10 23-14-05
]]></system-out>
    <system-err><![CDATA[SLF4J: Failed to load class "org.slf4j.impl.StaticLoggerBinder".
SLF4J: Defaulting to no-operation (NOP) logger implementation
SLF4J: See http://www.slf4j.org/codes.html#StaticLoggerBinder for further details.
Feb 10, 2025 11:13:54 PM org.openqa.selenium.devtools.CdpVersionFinder findNearestMatch
WARNING: Unable to find CDP implementation matching 132
Feb 10, 2025 11:13:54 PM org.openqa.selenium.chromium.ChromiumDriver lambda$new$5
WARNING: Unable to find version of CDP to use for 132.0.6834.196. You may need to include a dependency on a specific version of the CDP using something similar to `org.seleniumhq.selenium:selenium-devtools-v86:4.13.0` where the version ("v86") matches the version of the chromium-based browser you're using and the version number of the artifact is the same as Selenium's.
]]></system-err>
  </testcase>
</testsuite>