<?xml version="1.0" encoding="UTF-8"?>
<testng-results ignored="0" total="2" passed="2" failed="0" skipped="0">
  <reporter-output>
  </reporter-output>
  <suite started-at="2025-02-14T22:28:56 IST" name="Suite" finished-at="2025-02-14T22:29:23 IST" duration-ms="27608">
    <groups>
    </groups>
    <test started-at="2025-02-14T22:28:56 IST" name="Test" finished-at="2025-02-14T22:29:23 IST" duration-ms="27608">
      <class name="testscripts.regression.ValidateTC105UsingPOM">
        <test-method is-config="true" signature="filereadset()[pri:0, instance:testscripts.regression.ValidateTC105UsingPOM@59402b8f]" started-at="2025-02-14T22:28:56 IST" name="filereadset" finished-at="2025-02-14T22:28:56 IST" duration-ms="215" status="PASS">
          <reporter-output>
          </reporter-output>
        </test-method> <!-- filereadset -->
        <test-method is-config="true" signature="setup(java.lang.reflect.Method)[pri:0, instance:testscripts.regression.ValidateTC105UsingPOM@59402b8f]" started-at="2025-02-14T22:28:57 IST" name="setup" finished-at="2025-02-14T22:29:02 IST" duration-ms="5232" status="PASS">
          <params>
            <param index="0">
              <value>
                <![CDATA[public void testscripts.regression.ValidateTC105UsingPOM.Validatesearchpage(java.util.HashMap)]]>
              </value>
            </param>
          </params>
          <reporter-output>
          </reporter-output>
        </test-method> <!-- setup -->
        <test-method signature="Validatesearchpage(java.util.HashMap)[pri:0, instance:testscripts.regression.ValidateTC105UsingPOM@59402b8f]" started-at="2025-02-14T22:29:02 IST" name="Validatesearchpage" data-provider="datafromexcel" finished-at="2025-02-14T22:29:05 IST" duration-ms="3286" status="PASS">
          <params>
            <param index="0">
              <value>
                <![CDATA[{Adults per Room=1 - One, Hotel select title=Adactin.com - Select Hotel, No of rooms=1 - One, Check out Date=18/02/2025, Checkouterror=Check-Out Date shall be after than Check-In Date, Hotel search title=Adactin.com - Search Hotel, Check In Date=13/02/2025, expected Title=Adactin.com - Search Hotel, Children per Room  =0 - None, password=reyaz123, Room Type=Standard, hotel=Hotel Creek, location=Sydney, username=reyaz0806}]]>
              </value>
            </param>
          </params>
          <reporter-output>
          </reporter-output>
        </test-method> <!-- Validatesearchpage -->
        <test-method is-config="true" signature="teardown()[pri:0, instance:testscripts.regression.ValidateTC105UsingPOM@59402b8f]" started-at="2025-02-14T22:29:06 IST" name="teardown" finished-at="2025-02-14T22:29:09 IST" duration-ms="3189" status="PASS">
          <reporter-output>
          </reporter-output>
        </test-method> <!-- teardown -->
        <test-method is-config="true" signature="flushreports()[pri:0, instance:testscripts.regression.ValidateTC105UsingPOM@59402b8f]" started-at="2025-02-14T22:29:23 IST" name="flushreports" finished-at="2025-02-14T22:29:23 IST" duration-ms="241" status="PASS">
          <reporter-output>
          </reporter-output>
        </test-method> <!-- flushreports -->
      </class> <!-- testscripts.regression.ValidateTC105UsingPOM -->
      <class name="testscripts.regression.ValidateTC107UsingPOM2">
        <test-method is-config="true" signature="setup(java.lang.reflect.Method)[pri:0, instance:testscripts.regression.ValidateTC107UsingPOM2@303cf2ba]" started-at="2025-02-14T22:29:09 IST" name="setup" finished-at="2025-02-14T22:29:16 IST" duration-ms="7477" status="PASS">
          <params>
            <param index="0">
              <value>
                <![CDATA[public void testscripts.regression.ValidateTC107UsingPOM2.Validatesearchpage(java.util.HashMap)]]>
              </value>
            </param>
          </params>
          <reporter-output>
          </reporter-output>
        </test-method> <!-- setup -->
        <test-method signature="Validatesearchpage(java.util.HashMap)[pri:0, instance:testscripts.regression.ValidateTC107UsingPOM2@303cf2ba]" started-at="2025-02-14T22:29:16 IST" name="Validatesearchpage" data-provider="datafromexcel" finished-at="2025-02-14T22:29:19 IST" duration-ms="3027" status="PASS">
          <params>
            <param index="0">
              <value>
                <![CDATA[{Adults per Room=1 - One, Hotel select title=Adactin.com - Select Hotel, No of rooms=1 - One, Check out Date=18/02/2025, Checkouterror=Check-Out Date shall be after than Check-In Date, Hotel search title=Adactin.com - Search Hotel, Check In Date=13/02/2025, expected Title=Adactin.com - Search Hotel, Children per Room  =0 - None, password=reyaz123, Room Type=Standard, hotel=Hotel Creek, location=Sydney, username=reyaz0806}]]>
              </value>
            </param>
          </params>
          <reporter-output>
          </reporter-output>
        </test-method> <!-- Validatesearchpage -->
        <test-method is-config="true" signature="teardown()[pri:0, instance:testscripts.regression.ValidateTC107UsingPOM2@303cf2ba]" started-at="2025-02-14T22:29:20 IST" name="teardown" finished-at="2025-02-14T22:29:23 IST" duration-ms="3188" status="PASS">
          <reporter-output>
          </reporter-output>
        </test-method> <!-- teardown -->
      </class> <!-- testscripts.regression.ValidateTC107UsingPOM2 -->
    </test> <!-- Test -->
  </suite> <!-- Suite -->
</testng-results>
